env: load .env
env: export EXPO_PUBLIC_FIREBASE_API_KEY EXPO_PUBLIC_FIREBASE_AUTH_DOMAIN EXPO_PUBLIC_FIREBASE_PROJECT_ID EXPO_PUBLIC_FIREBASE_STORAGE_BUCKET EXPO_PUBLIC_FIREBASE_MESSAGING_SENDER_ID EXPO_PUBLIC_FIREBASE_APP_ID
Starting project at C:\Users\atila\Desktop\Projects\Thribing
NativeWind made the following changes to your project to support TypeScript:
  - Updated ./tsconfig.json to include the nativewind-env.d.ts file
React Compiler enabled
Starting Metro Bundler
Waiting on http://localhost:8081
Logs for your project will appear below.
λ Bundling failed 580ms node_modules\expo-router\node\render.js (1 module)
Web Bundling failed 588ms node_modules\expo-router\entry.js (1 module)

Metro error: node_modules\expo-router\node\render.js: [BABEL] C:\Users\atila\Desktop\Projects\Thribing\node_modules\expo-router\node\render.js: .plugins is not a valid Plugin property

Call Stack
  Array.forEach (<anonymous>)
  Generator.next (<anonymous>)
  Generator.next (<anonymous>)
  Generator.next (<anonymous>)
  cachedFunction.next (<anonymous>)
  loadPluginDescriptor.next (<anonymous>)
  loadPluginDescriptors.next (<anonymous>)
  Generator.next (<anonymous>)
  loadFullConfig.next (<anonymous>)
  transform.next (<anonymous>)
  process.emit (node:events)
  emit (node:internal\child_process)
Web Bundling failed 11ms node_modules\expo-router\_error.js (1 module)
 ERROR  Error: [BABEL] C:\Users\atila\Desktop\Projects\Thribing\node_modules\expo-router\_error.js: .plugins is not a valid Plugin property
    at C:\Users\atila\Desktop\Projects\Thribing\node_modules\@babel\core\lib\config\validation\plugins.js:58:42
    at Array.forEach (<anonymous>)
    at validatePluginObject (C:\Users\atila\Desktop\Projects\Thribing\node_modules\@babel\core\lib\config\validation\plugins.js:48:20)
    at C:\Users\atila\Desktop\Projects\Thribing\node_modules\@babel\core\lib\config\full.js:222:55
    at Generator.next (<anonymous>)
    at Function.<anonymous> (C:\Users\atila\Desktop\Projects\Thribing\node_modules\@babel\core\lib\gensync-utils\async.js:21:3)
    at Generator.next (<anonymous>)
    at evaluateSync (C:\Users\atila\Desktop\Projects\Thribing\node_modules\gensync\index.js:251:28)
    at Function.sync (C:\Users\atila\Desktop\Projects\Thribing\node_modules\gensync\index.js:89:14)
    at sync (C:\Users\atila\Desktop\Projects\Thribing\node_modules\@babel\core\lib\gensync-utils\async.js:61:25)
    at sync (C:\Users\atila\Desktop\Projects\Thribing\node_modules\gensync\index.js:182:19)
    at onFirstPause (C:\Users\atila\Desktop\Projects\Thribing\node_modules\gensync\index.js:210:24)
    at Generator.next (<anonymous>)
    at cachedFunction (C:\Users\atila\Desktop\Projects\Thribing\node_modules\@babel\core\lib\config\caching.js:52:46)
    at cachedFunction.next (<anonymous>)
    at loadPluginDescriptor (C:\Users\atila\Desktop\Projects\Thribing\node_modules\@babel\core\lib\config\full.js:259:17)
    at loadPluginDescriptor.next (<anonymous>)
    at loadPluginDescriptors (C:\Users\atila\Desktop\Projects\Thribing\node_modules\@babel\core\lib\config\full.js:129:33)
    at loadPluginDescriptors.next (<anonymous>)
    at C:\Users\atila\Desktop\Projects\Thribing\node_modules\@babel\core\lib\config\full.js:156:21
    at Generator.next (<anonymous>)
    at loadFullConfig (C:\Users\atila\Desktop\Projects\Thribing\node_modules\@babel\core\lib\config\full.js:141:5)
    at loadFullConfig.next (<anonymous>)
    at transform (C:\Users\atila\Desktop\Projects\Thribing\node_modules\@babel\core\lib\transform.js:20:44)
    at transform.next (<anonymous>)
    at evaluateSync (C:\Users\atila\Desktop\Projects\Thribing\node_modules\gensync\index.js:251:28)
    at sync (C:\Users\atila\Desktop\Projects\Thribing\node_modules\gensync\index.js:89:14)
    at stopHiding - secret - don't use this - v1 (C:\Users\atila\Desktop\Projects\Thribing\node_modules\@babel\core\lib\errors\rewrite-stack-trace.js:47:12)
    at Object.transformSync (C:\Users\atila\Desktop\Projects\Thribing\node_modules\@babel\core\lib\transform.js:40:76)
    at parseWithBabel (C:\Users\atila\Desktop\Projects\Thribing\node_modules\@expo\metro-config\build\transformSync.js:75:18)
    at transformSync (C:\Users\atila\Desktop\Projects\Thribing\node_modules\@expo\metro-config\build\transformSync.js:64:12)
    at Object.transform (C:\Users\atila\Desktop\Projects\Thribing\node_modules\@expo\metro-config\build\babel-transformer.js:127:58)
    at transformJSWithBabel (C:\Users\atila\Desktop\Projects\Thribing\node_modules\@expo\metro-config\build\transform-worker\metro-transform-worker.js:468:47)
    at Object.transform (C:\Users\atila\Desktop\Projects\Thribing\node_modules\@expo\metro-config\build\transform-worker\metro-transform-worker.js:583:12)
    at transform (C:\Users\atila\Desktop\Projects\Thribing\node_modules\@expo\metro-config\build\transform-worker\transform-worker.js:178:19)
    at Object.transform (C:\Users\atila\Desktop\Projects\Thribing\node_modules\react-native-css-interop\dist\metro\transformer.js:15:16)
    at Object.transform (C:\Users\atila\Desktop\Projects\Thribing\node_modules\@expo\metro-config\build\transform-worker\supervising-transform-worker.js:94:25)
    at transformFile (C:\Users\atila\Desktop\Projects\Thribing\node_modules\metro\src\DeltaBundler\Worker.flow.js:67:36)
    at Object.transform (C:\Users\atila\Desktop\Projects\Thribing\node_modules\metro\src\DeltaBundler\Worker.flow.js:42:10)
    at execFunction (C:\Users\atila\Desktop\Projects\Thribing\node_modules\jest-worker\build\workers\processChild.js:149:17)
    at execHelper (C:\Users\atila\Desktop\Projects\Thribing\node_modules\jest-worker\build\workers\processChild.js:137:5)
    at execMethod (C:\Users\atila\Desktop\Projects\Thribing\node_modules\jest-worker\build\workers\processChild.js:140:5)
    at process.messageListener (C:\Users\atila\Desktop\Projects\Thribing\node_modules\jest-worker\build\workers\processChild.js:44:7)
    at process.emit (node:events:519:28)
    at emit (node:internal/child_process:949:14)
